[Modules] Modules initializing
[Modules] Distribution: remote
[Modules] Host updates: enabled
[Modules] Module updates: enabled
[Modules] Install path: /home/pedro/.config/discordcanary/0.0.15/modules
[Modules] Bootstrapping...
[Modules] Installing discord_rpc@1 from /opt/discord-canary/resources/bootstrap/discord_rpc.zip
[Modules] Installing discord_toaster@1 from /opt/discord-canary/resources/bootstrap/discord_toaster.zip
[Modules] Installing discord_utils@1 from /opt/discord-canary/resources/bootstrap/discord_utils.zip
[Modules] Installing discord_voice@1 from /opt/discord-canary/resources/bootstrap/discord_voice.zip
[Modules] Finished module installations. [success: 4] [failure: 0]
[Modules] Checking for host updates.
[Modules] Host is up to date.
[Modules] Checking for module updates at https://discordapp.com/api/modules/canary/versions.json
[Modules] Module update available: discord_rpc@162 [installed: 1]
[Modules] Module update available: discord_toaster@162 [installed: 1]
[Modules] Module update available: discord_utils@162 [installed: 1]
[Modules] Module update available: discord_voice@162 [installed: 1]
[Modules] Fetching discord_rpc@162 from https://discordapp.com/api/modules/canary/discord_rpc/162
[Modules] Streaming discord_rpc@162 [521954 bytes] to /home/pedro/.config/discordcanary/0.0.15/modules/pending/discord_rpc-162.zip
[Modules] Fetching discord_toaster@162 from https://discordapp.com/api/modules/canary/discord_toaster/162
[Modules] Streaming discord_toaster@162 [1908801 bytes] to /home/pedro/.config/discordcanary/0.0.15/modules/pending/discord_toaster-162.zip
[Modules] Fetching discord_utils@162 from https://discordapp.com/api/modules/canary/discord_utils/162
[Modules] Streaming discord_utils@162 [440379 bytes] to /home/pedro/.config/discordcanary/0.0.15/modules/pending/discord_utils-162.zip
[Modules] Fetching discord_voice@162 from https://discordapp.com/api/modules/canary/discord_voice/162
[Modules] Streaming discord_voice@162 [5882380 bytes] to /home/pedro/.config/discordcanary/0.0.15/modules/pending/discord_voice-162.zip
[Modules] Finished module downloads. [success: 4] [failure: 0]
[Modules] Relaunching to install module updates...
[Modules] Modules initializing
[Modules] Distribution: remote
[Modules] Host updates: enabled
[Modules] Module updates: enabled
[Modules] Install path: /home/pedro/.config/discordcanary/0.0.15/modules
[Modules] Installing updates...
[Modules] Installing discord_rpc@162 from /home/pedro/.config/discordcanary/0.0.15/modules/pending/discord_rpc-162.zip
[Modules] Installing discord_toaster@162 from /home/pedro/.config/discordcanary/0.0.15/modules/pending/discord_toaster-162.zip
[Modules] Installing discord_utils@162 from /home/pedro/.config/discordcanary/0.0.15/modules/pending/discord_utils-162.zip
[Modules] Installing discord_voice@162 from /home/pedro/.config/discordcanary/0.0.15/modules/pending/discord_voice-162.zip
[Modules] Finished module installations. [success: 4] [failure: 0]
[Modules] Checking for host updates.
[Modules] Host is up to date.
[Modules] Checking for module updates at https://discordapp.com/api/modules/canary/versions.json
[Modules] No module updates available.
[Modules] Modules initializing
[Modules] Distribution: remote
[Modules] Host updates: enabled
[Modules] Module updates: enabled
[Modules] Install path: /home/pedro/.config/discordcanary/0.0.15/modules
[Modules] No updates to install
[Modules] Checking for host updates.
[Modules] Host is up to date.
[Modules] Checking for module updates at https://discordapp.com/api/modules/canary/versions.json
[Modules] No module updates available.
[Modules] Modules initializing
[Modules] Distribution: remote
[Modules] Host updates: enabled
[Modules] Module updates: enabled
[Modules] Install path: /home/pedro/.config/discordcanary/0.0.15/modules
[Modules] No updates to install
[Modules] Checking for host updates.
[Modules] Host is up to date.
[Modules] Checking for module updates at https://discordapp.com/api/modules/canary/versions.json
[Modules] No module updates available.
[Modules] Modules initializing
[Modules] Distribution: remote
[Modules] Host updates: enabled
[Modules] Module updates: enabled
[Modules] Install path: /home/pedro/.config/discordcanary/0.0.15/modules
[Modules] No updates to install
[Modules] Checking for host updates.
[Modules] Host is up to date.
[Modules] Checking for module updates at https://discordapp.com/api/modules/canary/versions.json
[Modules] No module updates available.
[Modules] Checking for host updates.
[Modules] Host is up to date.
[Modules] Checking for module updates at https://discordapp.com/api/modules/canary/versions.json
[Modules] Module update available: discord_rpc@163 [installed: 162]
[Modules] Module update available: discord_toaster@163 [installed: 162]
[Modules] Module update available: discord_utils@163 [installed: 162]
[Modules] Module update available: discord_voice@163 [installed: 162]
[Modules] Fetching discord_rpc@163 from https://discordapp.com/api/modules/canary/discord_rpc/163
[Modules] Streaming discord_rpc@163 [521954 bytes] to /home/pedro/.config/discordcanary/0.0.15/modules/pending/discord_rpc-163.zip
[Modules] Fetching discord_toaster@163 from https://discordapp.com/api/modules/canary/discord_toaster/163
[Modules] Streaming discord_toaster@163 [1908801 bytes] to /home/pedro/.config/discordcanary/0.0.15/modules/pending/discord_toaster-163.zip
[Modules] Fetching discord_utils@163 from https://discordapp.com/api/modules/canary/discord_utils/163
[Modules] Streaming discord_utils@163 [440309 bytes] to /home/pedro/.config/discordcanary/0.0.15/modules/pending/discord_utils-163.zip
[Modules] Fetching discord_voice@163 from https://discordapp.com/api/modules/canary/discord_voice/163
[Modules] Streaming discord_voice@163 [5950570 bytes] to /home/pedro/.config/discordcanary/0.0.15/modules/pending/discord_voice-163.zip
[Modules] Finished module downloads. [success: 4] [failure: 0]
[Modules] Modules initializing
[Modules] Distribution: remote
[Modules] Host updates: enabled
[Modules] Module updates: enabled
[Modules] Install path: /home/pedro/.config/discordcanary/0.0.15/modules
[Modules] Installing updates...
[Modules] Installing discord_rpc@163 from /home/pedro/.config/discordcanary/0.0.15/modules/pending/discord_rpc-163.zip
[Modules] Installing discord_toaster@163 from /home/pedro/.config/discordcanary/0.0.15/modules/pending/discord_toaster-163.zip
[Modules] Installing discord_utils@163 from /home/pedro/.config/discordcanary/0.0.15/modules/pending/discord_utils-163.zip
[Modules] Installing discord_voice@163 from /home/pedro/.config/discordcanary/0.0.15/modules/pending/discord_voice-163.zip
[Modules] Finished module installations. [success: 4] [failure: 0]
[Modules] Checking for host updates.
[Modules] Host is up to date.
[Modules] Checking for module updates at https://discordapp.com/api/modules/canary/versions.json
[Modules] No module updates available.
[Modules] Modules initializing
[Modules] Distribution: remote
[Modules] Host updates: enabled
[Modules] Module updates: enabled
[Modules] Install path: /home/pedro/.config/discordcanary/0.0.15/modules
[Modules] No updates to install
[Modules] Checking for host updates.
[Modules] Host is up to date.
[Modules] Checking for module updates at https://discordapp.com/api/modules/canary/versions.json
[Modules] No module updates available.
[Modules] Checking for host updates.
[Modules] Host is up to date.
[Modules] Checking for module updates at https://discordapp.com/api/modules/canary/versions.json
[Modules] No module updates available.
[Modules] Checking for host updates.
[Modules] Host is up to date.
[Modules] Checking for module updates at https://discordapp.com/api/modules/canary/versions.json
[Modules] No module updates available.
[Modules] Modules initializing
[Modules] Distribution: remote
[Modules] Host updates: enabled
[Modules] Module updates: enabled
[Modules] Install path: /home/pedro/.config/discordcanary/0.0.15/modules
[Modules] No updates to install
[Modules] Checking for host updates.
[Modules] Host is up to date.
[Modules] Checking for module updates at https://discordapp.com/api/modules/canary/versions.json
[Modules] No module updates available.
[Modules] Modules initializing
[Modules] Distribution: remote
[Modules] Host updates: enabled
[Modules] Module updates: enabled
[Modules] Install path: /home/pedro/.config/discordcanary/0.0.15/modules
[Modules] No updates to install
[Modules] Checking for host updates.
[Modules] Host is up to date.
[Modules] Checking for module updates at https://discordapp.com/api/modules/canary/versions.json
[Modules] No module updates available.
[Modules] Checking for host updates.
[Modules] Host is up to date.
[Modules] Checking for module updates at https://discordapp.com/api/modules/canary/versions.json
[Modules] No module updates available.
[Modules] Modules initializing
[Modules] Distribution: remote
[Modules] Host updates: enabled
[Modules] Module updates: enabled
[Modules] Install path: /home/pedro/.config/discordcanary/0.0.15/modules
[Modules] No updates to install
[Modules] Checking for host updates.
[Modules] Host update is available. Manual update required!
[Modules] Modules initializing
[Modules] Distribution: remote
[Modules] Host updates: enabled
[Modules] Module updates: enabled
[Modules] Install path: /home/pedro/.config/discordcanary/0.0.15/modules
[Modules] No updates to install
[Modules] Checking for host updates.
[Modules] Host update is available. Manual update required!
[Modules] Modules initializing
[Modules] Distribution: remote
[Modules] Host updates: enabled
[Modules] Module updates: enabled
[Modules] Install path: /home/pedro/.config/discordcanary/0.0.15/modules
[Modules] No updates to install
[Modules] Checking for host updates.
[Modules] Host update is available. Manual update required!
[Modules] Modules initializing
[Modules] Distribution: remote
[Modules] Host updates: enabled
[Modules] Module updates: enabled
[Modules] Install path: /home/pedro/.config/discordcanary/0.0.15/modules
[Modules] No updates to install
[Modules] Checking for host updates.
[Modules] Host update is available. Manual update required!
[Modules] Modules initializing
[Modules] Distribution: remote
[Modules] Host updates: enabled
[Modules] Module updates: enabled
[Modules] Install path: /home/pedro/.config/discordcanary/0.0.16/modules
[Modules] Bootstrapping...
[Modules] Installing discord_rpc@1 from /opt/discord-canary/resources/bootstrap/discord_rpc.zip
[Modules] Installing discord_toaster@1 from /opt/discord-canary/resources/bootstrap/discord_toaster.zip
[Modules] Installing discord_utils@1 from /opt/discord-canary/resources/bootstrap/discord_utils.zip
[Modules] Installing discord_voice@1 from /opt/discord-canary/resources/bootstrap/discord_voice.zip
[Modules] Finished module installations. [success: 4] [failure: 0]
[Modules] Checking for host updates.
[Modules] Host is up to date.
[Modules] Checking for module updates at https://discordapp.com/api/modules/canary/versions.json
[Modules] Module update available: discord_rpc@2 [installed: 1]
[Modules] Module update available: discord_toaster@2 [installed: 1]
[Modules] Module update available: discord_utils@2 [installed: 1]
[Modules] Module update available: discord_voice@2 [installed: 1]
[Modules] Fetching discord_rpc@2 from https://discordapp.com/api/modules/canary/discord_rpc/2
[Modules] Streaming discord_rpc@2 [521954 bytes] to /home/pedro/.config/discordcanary/0.0.16/modules/pending/discord_rpc-2.zip
[Modules] Fetching discord_toaster@2 from https://discordapp.com/api/modules/canary/discord_toaster/2
[Modules] Streaming discord_toaster@2 [1908801 bytes] to /home/pedro/.config/discordcanary/0.0.16/modules/pending/discord_toaster-2.zip
[Modules] Fetching discord_utils@2 from https://discordapp.com/api/modules/canary/discord_utils/2
[Modules] Streaming discord_utils@2 [441356 bytes] to /home/pedro/.config/discordcanary/0.0.16/modules/pending/discord_utils-2.zip
[Modules] Fetching discord_voice@2 from https://discordapp.com/api/modules/canary/discord_voice/2
[Modules] Streaming discord_voice@2 [8716284 bytes] to /home/pedro/.config/discordcanary/0.0.16/modules/pending/discord_voice-2.zip
[Modules] Finished module downloads. [success: 4] [failure: 0]
[Modules] Relaunching to install module updates...
[Modules] Modules initializing
[Modules] Distribution: remote
[Modules] Host updates: enabled
[Modules] Module updates: enabled
[Modules] Install path: /home/pedro/.config/discordcanary/0.0.16/modules
[Modules] Installing updates...
[Modules] Installing discord_rpc@2 from /home/pedro/.config/discordcanary/0.0.16/modules/pending/discord_rpc-2.zip
[Modules] Installing discord_toaster@2 from /home/pedro/.config/discordcanary/0.0.16/modules/pending/discord_toaster-2.zip
[Modules] Installing discord_utils@2 from /home/pedro/.config/discordcanary/0.0.16/modules/pending/discord_utils-2.zip
[Modules] Installing discord_voice@2 from /home/pedro/.config/discordcanary/0.0.16/modules/pending/discord_voice-2.zip
[Modules] Finished module installations. [success: 4] [failure: 0]
[Modules] Checking for host updates.
[Modules] Host is up to date.
[Modules] Checking for module updates at https://discordapp.com/api/modules/canary/versions.json
[Modules] No module updates available.
[Modules] Checking for host updates.
[Modules] Host is up to date.
[Modules] Checking for module updates at https://discordapp.com/api/modules/canary/versions.json
[Modules] No module updates available.
[Modules] Modules initializing
[Modules] Distribution: remote
[Modules] Host updates: enabled
[Modules] Module updates: enabled
[Modules] Install path: /home/pedro/.config/discordcanary/0.0.16/modules
[Modules] No updates to install
[Modules] Checking for host updates.
[Modules] Host is up to date.
[Modules] Checking for module updates at https://discordapp.com/api/modules/canary/versions.json
[Modules] Module update available: discord_rpc@7 [installed: 2]
[Modules] Module update available: discord_toaster@7 [installed: 2]
[Modules] Module update available: discord_utils@7 [installed: 2]
[Modules] Module update available: discord_voice@7 [installed: 2]
[Modules] Fetching discord_rpc@7 from https://discordapp.com/api/modules/canary/discord_rpc/7
[Modules] Streaming discord_rpc@7 [521954 bytes] to /home/pedro/.config/discordcanary/0.0.16/modules/pending/discord_rpc-7.zip
[Modules] Fetching discord_toaster@7 from https://discordapp.com/api/modules/canary/discord_toaster/7
[Modules] Streaming discord_toaster@7 [1915258 bytes] to /home/pedro/.config/discordcanary/0.0.16/modules/pending/discord_toaster-7.zip
[Modules] Fetching discord_utils@7 from https://discordapp.com/api/modules/canary/discord_utils/7
[Modules] Streaming discord_utils@7 [440455 bytes] to /home/pedro/.config/discordcanary/0.0.16/modules/pending/discord_utils-7.zip
[Modules] Fetching discord_voice@7 from https://discordapp.com/api/modules/canary/discord_voice/7
[Modules] Streaming discord_voice@7 [8700634 bytes] to /home/pedro/.config/discordcanary/0.0.16/modules/pending/discord_voice-7.zip
[Modules] Finished module downloads. [success: 4] [failure: 0]
[Modules] Relaunching to install module updates...
[Modules] Modules initializing
[Modules] Distribution: remote
[Modules] Host updates: enabled
[Modules] Module updates: enabled
[Modules] Install path: /home/pedro/.config/discordcanary/0.0.16/modules
[Modules] Installing updates...
[Modules] Installing discord_rpc@7 from /home/pedro/.config/discordcanary/0.0.16/modules/pending/discord_rpc-7.zip
[Modules] Installing discord_toaster@7 from /home/pedro/.config/discordcanary/0.0.16/modules/pending/discord_toaster-7.zip
[Modules] Installing discord_utils@7 from /home/pedro/.config/discordcanary/0.0.16/modules/pending/discord_utils-7.zip
[Modules] Installing discord_voice@7 from /home/pedro/.config/discordcanary/0.0.16/modules/pending/discord_voice-7.zip
[Modules] Finished module installations. [success: 4] [failure: 0]
[Modules] Checking for host updates.
[Modules] Host is up to date.
[Modules] Checking for module updates at https://discordapp.com/api/modules/canary/versions.json
[Modules] No module updates available.
[Modules] Checking for host updates.
[Modules] Host is up to date.
[Modules] Checking for module updates at https://discordapp.com/api/modules/canary/versions.json
[Modules] No module updates available.
[Modules] Checking for host updates.
[Modules] Host is up to date.
[Modules] Checking for module updates at https://discordapp.com/api/modules/canary/versions.json
[Modules] No module updates available.
[Modules] Checking for host updates.
[Modules] Host is up to date.
[Modules] Checking for module updates at https://discordapp.com/api/modules/canary/versions.json
[Modules] No module updates available.
